[debug] [2021-05-30T12:41:02.384Z] ----------------------------------------------------------------------
[debug] [2021-05-30T12:41:02.386Z] Command:       D:\Egy\5\Szkript\node\node.exe D:\Egy\6\webkert\patient\node_modules\firebase-tools\lib\bin\firebase.js init
[debug] [2021-05-30T12:41:02.387Z] CLI Version:   9.11.0
[debug] [2021-05-30T12:41:02.387Z] Platform:      win32
[debug] [2021-05-30T12:41:02.387Z] Node Version:  v14.15.0
[debug] [2021-05-30T12:41:02.431Z] Time:          Sun May 30 2021 14:41:02 GMT+0200 (közép-európai nyári idő)
[debug] [2021-05-30T12:41:02.431Z] ----------------------------------------------------------------------
[debug] 
[debug] [2021-05-30T12:41:02.447Z] >>> [apiv2][query] GET https://firebase-public.firebaseio.com/cli.json [none]
[debug] [2021-05-30T12:41:02.499Z] > command requires scopes: ["email","openid","https://www.googleapis.com/auth/cloudplatformprojects.readonly","https://www.googleapis.com/auth/firebase","https://www.googleapis.com/auth/cloud-platform"]
[debug] [2021-05-30T12:41:02.500Z] > authorizing via signed-in user (andraspiti@gmail.com)
[info] 
     ######## #### ########  ######## ########     ###     ######  ########
     ##        ##  ##     ## ##       ##     ##  ##   ##  ##       ##
     ######    ##  ########  ######   ########  #########  ######  ######
     ##        ##  ##    ##  ##       ##     ## ##     ##       ## ##
     ##       #### ##     ## ######## ########  ##     ##  ######  ########

You're about to initialize a Firebase project in this directory:

  D:\Egy\6\webkert\patient

[debug] [2021-05-30T12:41:03.024Z] <<< [apiv2][status] GET https://firebase-public.firebaseio.com/cli.json 200
[debug] [2021-05-30T12:41:03.024Z] <<< [apiv2][body] GET https://firebase-public.firebaseio.com/cli.json {"cloudBuildErrorAfter":1594252800000,"cloudBuildWarnAfter":1590019200000,"defaultNode10After":1594252800000,"minVersion":"3.0.5","node8DeploysDisabledAfter":1613390400000,"node8RuntimeDisabledAfter":1615809600000,"node8WarnAfter":1600128000000}
